-------------------------------------------------------------------------------------------------------------------
      name:  <unnamed>
       log:  /Users/eddiewu/Documents/Mon_travail/MY_PHD/kareen_geoffroy/eddie_SFEM/scripts/learningresults.log
  log type:  text
 opened on:  26 Mar 2026, 22:24:12

. 
. *Proces simulation data
. insheet treatment round G coope0 coope1 coope2 coope3 coope4 coope5 coope6 coope7 coope8 coope9 coope10 coope11 c
> oope12 coope13 coope14 foo using simulationresults.txt, tab
(19 vars, 8,000 obs)

. gen lowlimit90 = 0 if coope0>49
(4,331 missing values generated)

. replace lowlimit90 = 1/14 if coope0<50 & coope0+coope1>49
(1,243 real changes made)

. replace lowlimit90 = 2/14 if coope0+coope1<50 & coope0+coope1+coope2>49
(283 real changes made)

. replace lowlimit90 = 3/14 if coope0+coope1+coope2<50 & coope0+coope1+coope2+coope3>49
(812 real changes made)

. replace lowlimit90 = 4/14 if coope0+coope1+coope2+coope3<50 & coope0+coope1+coope2+coope3+coope4>49
(84 real changes made)

. replace lowlimit90 = 5/14 if coope0+coope1+coope2+coope3+coope4<50 & coope0+coope1+coope2+coope3+coope4+coope5>49
(303 real changes made)

. replace lowlimit90 = 6/14 if coope0+coope1+coope2+coope3+coope4+coope5<50 & coope0+coope1+coope2+coope3+coope4+co
> ope5+coope6>49
(1,606 real changes made)

. replace lowlimit90 = 7/14 if coope0+coope1+coope2+coope3+coope4+coope5+coope6<50 & coope0+coope1+coope2+coope3+co
> ope4+coope5+coope6+coope7>49
(0 real changes made)

. replace lowlimit90 = 8/14 if coope0+coope1+coope2+coope3+coope4+coope5+coope6+coope7<50 & coope0+coope1+coope2+co
> ope3+coope4+coope5+coope6+coope7+coope8>49
(0 real changes made)

. replace lowlimit90 = 9/14 if coope0+coope1+coope2+coope3+coope4+coope5+coope6+coope7+coope8<50 & coope0+coope1+co
> ope2+coope3+coope4+coope5+coope6+coope7+coope8+coope9>49
(0 real changes made)

. replace lowlimit90 = 10/14 if coope0+coope1+coope2+coope3+coope4+coope5+coope6+coope7+coope8+coope9<50 & coope0+c
> oope1+coope2+coope3+coope4+coope5+coope6+coope7+coope8+coope9+coope10>49
(0 real changes made)

. replace lowlimit90 = 11/14 if coope0+coope1+coope2+coope3+coope4+coope5+coope6+coope7+coope8+coope9+coope10<50 & 
> coope0+coope1+coope2+coope3+coope4+coope5+coope6+coope7+coope8+coope9+coope10+coope11>49
(0 real changes made)

. replace lowlimit90 = 12/14 if coope0+coope1+coope2+coope3+coope4+coope5+coope6+coope7+coope8+coope9+coope10+coope
> 11<50 & coope0+coope1+coope2+coope3+coope4+coope5+coope6+coope7+coope8+coope9+coope10+coope11+coope12>49
(0 real changes made)

. replace lowlimit90 = 13/14 if coope0+coope1+coope2+coope3+coope4+coope5+coope6+coope7+coope8+coope9+coope10+coope
> 11+coope12<50 & coope0+coope1+coope2+coope3+coope4+coope5+coope6+coope7+coope8+coope9+coope10+coope11+coope12+coo
> pe13>49
(0 real changes made)

. replace lowlimit90 = 14/14 if coope0+coope1+coope2+coope3+coope4+coope5+coope6+coope7+coope8+coope9+coope10+coope
> 11+coope12+coope13<50 & coope0+coope1+coope2+coope3+coope4+coope5+coope6+coope7+coope8+coope9+coope10+coope11+coo
> pe12+coope13+coope14>49
(0 real changes made)

. 
. gen upplimit90 = 1 if coope14>49
(8,000 missing values generated)

. replace upplimit90 = 13/14 if coope14<50 & coope13+coope14>49
(1,866 real changes made)

. replace upplimit90 = 12/14 if coope13+coope14<50 & coope12+coope13+coope14>49
(77 real changes made)

. replace upplimit90 = 11/14 if coope12+coope13+coope14<50 & coope11+coope12+coope13+coope14>49
(46 real changes made)

. replace upplimit90 = 10/14 if coope11+coope12+coope13+coope14<50 & coope10+coope11+coope12+coope13+coope14>49
(1,016 real changes made)

. replace upplimit90 = 9/14 if coope10+coope11+coope12+coope13+coope14<50 & coope9+coope10+coope11+coope12+coope13+
> coope14>49
(20 real changes made)

. replace upplimit90 = 8/14 if coope9+coope10+coope11+coope12+coope13+coope14<50 & coope8+coope9+coope10+coope11+co
> ope12+coope13+coope14>49
(58 real changes made)

. replace upplimit90 = 7/14 if coope8+coope9+coope10+coope11+coope12+coope13+coope14<50 & coope7+coope8+coope9+coop
> e10+coope11+coope12+coope13+coope14>49
(842 real changes made)

. replace upplimit90 = 6/14 if coope7+coope8+coope9+coope10+coope11+coope12+coope13+coope14<50 & coope6+coope7+coop
> e8+coope9+coope10+coope11+coope12+coope13+coope14>49
(2,088 real changes made)

. replace upplimit90 = 5/14 if coope6+coope7+coope8+coope9+coope10+coope11+coope12+coope13+coope14<50 & coope5+coop
> e6+coope7+coope8+coope9+coope10+coope11+coope12+coope13+coope14>49
(1,455 real changes made)

. replace upplimit90 = 4/14 if coope5+coope6+coope7+coope8+coope9+coope10+coope11+coope12+coope13+coope14<50 & coop
> e4+coope5+coope6+coope7+coope8+coope9+coope10+coope11+coope12+coope13+coope14>49
(532 real changes made)

. replace upplimit90 = 3/14 if coope4+coope5+coope6+coope7+coope8+coope9+coope10+coope11+coope12+coope13+coope14<50
>  & coope3+coope4+coope5+coope6+coope7+coope8+coope9+coope10+coope11+coope12+coope13+coope14>49
(0 real changes made)

. replace upplimit90 = 2/14 if coope3+coope4+coope5+coope6+coope7+coope8+coope9+coope10+coope11+coope12+coope13+coo
> pe14<50 & coope2+coope3+coope4+coope5+coope6+coope7+coope8+coope9+coope10+coope11+coope12+coope13+coope14>49
(0 real changes made)

. replace upplimit90 = 1/14 if coope2+coope3+coope4+coope5+coope6+coope7+coope8+coope9+coope10+coope11+coope12+coop
> e13+coope14<50 & coope1+coope2+coope3+coope4+coope5+coope6+coope7+coope8+coope9+coope10+coope11+coope12+coope13+c
> oope14>49
(0 real changes made)

. replace upplimit90 = 0 if coope1+coope2+coope3+coope4+coope5+coope6+coope7+coope8+coope9+coope10+coope11+coope12+
> coope13+coope14<50 & coope0+coope1+coope2+coope3+coope4+coope5+coope6+coope7+coope8+coope9+coope10+coope11+coope1
> 2+coope13+coope14>49
(0 real changes made)

. 
. sort treatment round

. save simulationresults, replace
file simulationresults.dta saved

. 
. *Cross (uses only estimates from other treatments)
. clear

. insheet treatment round G coope0 coope1 coope2 coope3 coope4 coope5 coope6 coope7 coope8 coope9 coope10 coope11 c
> oope12 coope13 coope14 foo using simulationresultscross.txt, tab
(19 vars, 8,000 obs)

. gen lowlimit90 = 0 if coope0>49
(7,005 missing values generated)

. replace lowlimit90 = 1/14 if coope0<50 & coope0+coope1>49
(180 real changes made)

. replace lowlimit90 = 2/14 if coope0+coope1<50 & coope0+coope1+coope2>49
(831 real changes made)

. replace lowlimit90 = 3/14 if coope0+coope1+coope2<50 & coope0+coope1+coope2+coope3>49
(3,995 real changes made)

. replace lowlimit90 = 4/14 if coope0+coope1+coope2+coope3<50 & coope0+coope1+coope2+coope3+coope4>49
(37 real changes made)

. replace lowlimit90 = 5/14 if coope0+coope1+coope2+coope3+coope4<50 & coope0+coope1+coope2+coope3+coope4+coope5>49
(1,861 real changes made)

. replace lowlimit90 = 6/14 if coope0+coope1+coope2+coope3+coope4+coope5<50 & coope0+coope1+coope2+coope3+coope4+co
> ope5+coope6>49
(101 real changes made)

. replace lowlimit90 = 7/14 if coope0+coope1+coope2+coope3+coope4+coope5+coope6<50 & coope0+coope1+coope2+coope3+co
> ope4+coope5+coope6+coope7>49
(0 real changes made)

. replace lowlimit90 = 8/14 if coope0+coope1+coope2+coope3+coope4+coope5+coope6+coope7<50 & coope0+coope1+coope2+co
> ope3+coope4+coope5+coope6+coope7+coope8>49
(0 real changes made)

. replace lowlimit90 = 9/14 if coope0+coope1+coope2+coope3+coope4+coope5+coope6+coope7+coope8<50 & coope0+coope1+co
> ope2+coope3+coope4+coope5+coope6+coope7+coope8+coope9>49
(0 real changes made)

. replace lowlimit90 = 10/14 if coope0+coope1+coope2+coope3+coope4+coope5+coope6+coope7+coope8+coope9<50 & coope0+c
> oope1+coope2+coope3+coope4+coope5+coope6+coope7+coope8+coope9+coope10>49
(0 real changes made)

. replace lowlimit90 = 11/14 if coope0+coope1+coope2+coope3+coope4+coope5+coope6+coope7+coope8+coope9+coope10<50 & 
> coope0+coope1+coope2+coope3+coope4+coope5+coope6+coope7+coope8+coope9+coope10+coope11>49
(0 real changes made)

. replace lowlimit90 = 12/14 if coope0+coope1+coope2+coope3+coope4+coope5+coope6+coope7+coope8+coope9+coope10+coope
> 11<50 & coope0+coope1+coope2+coope3+coope4+coope5+coope6+coope7+coope8+coope9+coope10+coope11+coope12>49
(0 real changes made)

. replace lowlimit90 = 13/14 if coope0+coope1+coope2+coope3+coope4+coope5+coope6+coope7+coope8+coope9+coope10+coope
> 11+coope12<50 & coope0+coope1+coope2+coope3+coope4+coope5+coope6+coope7+coope8+coope9+coope10+coope11+coope12+coo
> pe13>49
(0 real changes made)

. replace lowlimit90 = 14/14 if coope0+coope1+coope2+coope3+coope4+coope5+coope6+coope7+coope8+coope9+coope10+coope
> 11+coope12+coope13<50 & coope0+coope1+coope2+coope3+coope4+coope5+coope6+coope7+coope8+coope9+coope10+coope11+coo
> pe12+coope13+coope14>49
(0 real changes made)

. 
. gen upplimit90 = 1 if coope14>49
(8,000 missing values generated)

. replace upplimit90 = 13/14 if coope14<50 & coope13+coope14>49
(0 real changes made)

. replace upplimit90 = 12/14 if coope13+coope14<50 & coope12+coope13+coope14>49
(1,883 real changes made)

. replace upplimit90 = 11/14 if coope12+coope13+coope14<50 & coope11+coope12+coope13+coope14>49
(93 real changes made)

. replace upplimit90 = 10/14 if coope11+coope12+coope13+coope14<50 & coope10+coope11+coope12+coope13+coope14>49
(26 real changes made)

. replace upplimit90 = 9/14 if coope10+coope11+coope12+coope13+coope14<50 & coope9+coope10+coope11+coope12+coope13+
> coope14>49
(4,003 real changes made)

. replace upplimit90 = 8/14 if coope9+coope10+coope11+coope12+coope13+coope14<50 & coope8+coope9+coope10+coope11+co
> ope12+coope13+coope14>49
(36 real changes made)

. replace upplimit90 = 7/14 if coope8+coope9+coope10+coope11+coope12+coope13+coope14<50 & coope7+coope8+coope9+coop
> e10+coope11+coope12+coope13+coope14>49
(960 real changes made)

. replace upplimit90 = 6/14 if coope7+coope8+coope9+coope10+coope11+coope12+coope13+coope14<50 & coope6+coope7+coop
> e8+coope9+coope10+coope11+coope12+coope13+coope14>49
(0 real changes made)

. replace upplimit90 = 5/14 if coope6+coope7+coope8+coope9+coope10+coope11+coope12+coope13+coope14<50 & coope5+coop
> e6+coope7+coope8+coope9+coope10+coope11+coope12+coope13+coope14>49
(74 real changes made)

. replace upplimit90 = 4/14 if coope5+coope6+coope7+coope8+coope9+coope10+coope11+coope12+coope13+coope14<50 & coop
> e4+coope5+coope6+coope7+coope8+coope9+coope10+coope11+coope12+coope13+coope14>49
(925 real changes made)

. replace upplimit90 = 3/14 if coope4+coope5+coope6+coope7+coope8+coope9+coope10+coope11+coope12+coope13+coope14<50
>  & coope3+coope4+coope5+coope6+coope7+coope8+coope9+coope10+coope11+coope12+coope13+coope14>49
(0 real changes made)

. replace upplimit90 = 2/14 if coope3+coope4+coope5+coope6+coope7+coope8+coope9+coope10+coope11+coope12+coope13+coo
> pe14<50 & coope2+coope3+coope4+coope5+coope6+coope7+coope8+coope9+coope10+coope11+coope12+coope13+coope14>49
(0 real changes made)

. replace upplimit90 = 1/14 if coope2+coope3+coope4+coope5+coope6+coope7+coope8+coope9+coope10+coope11+coope12+coop
> e13+coope14<50 & coope1+coope2+coope3+coope4+coope5+coope6+coope7+coope8+coope9+coope10+coope11+coope12+coope13+c
> oope14>49
(0 real changes made)

. replace upplimit90 = 0 if coope1+coope2+coope3+coope4+coope5+coope6+coope7+coope8+coope9+coope10+coope11+coope12+
> coope13+coope14<50 & coope0+coope1+coope2+coope3+coope4+coope5+coope6+coope7+coope8+coope9+coope10+coope11+coope1
> 2+coope13+coope14>49
(0 real changes made)

. 
. sort treatment round

. save simulationresultscross, replace
file simulationresultscross.dta saved

. 
. *Simulation results
. use modified_data, clear

. keep if stage==1
(95,016 observations deleted)

. collapse coop, by (treatment round)

. sort treatment round

. merge treatment round using simulationresults
(you are using old merge syntax; see [D] merge for new syntax)

. 
. *data for comment on text about aggregate fit of simulations
. gen difference=coop-g
(7,700 missing values generated)

. gen absdiff=abs(difference)
(7,700 missing values generated)

. 
. gen goodrange=1 if treatment==1 & round<60
(7,941 missing values generated)

. replace goodrange=1 if treatment==2 & round<72
(71 real changes made)

. replace goodrange=1 if treatment==3 & round<69
(68 real changes made)

. replace goodrange=1 if treatment==4 & round<28
(27 real changes made)

. replace goodrange=1 if treatment==5 & round<24
(23 real changes made)

. replace goodrange=1 if treatment==6 & round<30
(29 real changes made)

. 
. sum absdiff if goodrange==1, detail

                           absdiff
-------------------------------------------------------------
      Percentiles      Smallest
 1%     .0006984         .00009
 5%     .0040657       .0005476
10%     .0101045       .0006984       Obs                 228
25%     .0315457       .0016413       Sum of wgt.         228

50%     .0644695                      Mean           .1006614
                        Largest       Std. dev.      .0842608
75%     .1789725       .2694499
90%     .2345277       .2714499       Variance       .0070999
95%     .2557047       .2719158       Skewness       .6087721
99%     .2714499        .290307       Kurtosis       1.967513

. 
. 
. *Figure 2
. /*
> twoway (line coop round if treatment==1 & round<=30, title(delta=high r=normal) subtitle(SGPE) legend(off) graphr
> egion(color(white)) xtitle("Repeated Game (log scale)") ytitle("Cooperation") yscale(range(0 1)) ylabel(#11) xsca
> le(log) xlabel(1 5 10 20 40 100 300 1000)) (line g round if treatment==1, lpattern(dash)) (line lowlimit90 round 
> if treatment==1,  lpattern(dot) lcolor(cranberry)) (line upplimit90 round if treatment==1, lpattern(dot) lcolor(c
> ranberry)), saving(graphd5r32,replace)
> twoway (line coop round if treatment==2 & round<=60, title(delta=low r=normal) subtitle(Neither SGPE nor RD) lege
> nd(off) graphregion(color(white)) xtitle("Repeated Game (log scale)") ytitle("Cooperation") yscale(range(0 1)) yl
> abel(#11) xscale(log) xlabel(1 5 10 20 40 100 300 1000)) (line g round if treatment==2, lpattern(dash)) (line low
> limit90 round if treatment==2,  lpattern(dot) lcolor(cranberry)) (line upplimit90 round if treatment==2, lpattern
> (dot) lcolor(cranberry)), saving(graphd5r40,replace)
> twoway (line coop round if treatment==3 & round<=30, title(delta=high r=normal) subtitle(SGPE with GT) legend(off
> ) graphregion(color(white)) xtitle("Repeated Game (log scale)") ytitle("Cooperation") yscale(range(0 1)) ylabel(#
> 11) xscale(log) xlabel(1 5 10 20 40 100 300 1000)) (line g round if treatment==3, lpattern(dash)) (line lowlimit9
> 0 round if treatment==3,  lpattern(dot) lcolor(cranberry)) (line upplimit90 round if treatment==3, lpattern(dot) 
> lcolor(cranberry)), saving(graphd5r48,replace)
> twoway (line coop round if treatment==4 & round<=60, title(delta=low r=normal) subtitle(Neither SGPE nor RD with 
> GT) legend(off) graphregion(color(white)) xtitle("Repeated Game (log scale)") ytitle("Cooperation") yscale(range(
> 0 1)) ylabel(#11) xscale(log) xlabel(1 5 10 20 40 100 300 1000)) (line g round if treatment==4, lpattern(dash)) (
> line lowlimit90 round if treatment==4,  lpattern(dot) lcolor(cranberry)) (line upplimit90 round if treatment==4, 
> lpattern(dot) lcolor(cranberry)), saving(graphd75r32,replace)
> twoway (line coop round if treatment==5 & round<=30, title(delta=high r=high) subtitle(SGPE & RD) legend(off) gra
> phregion(color(white)) xtitle("Repeated Game (log scale)") ytitle("Cooperation") yscale(range(0 1)) ylabel(#11) x
> scale(log) xlabel(1 5 10 20 40 100 300 1000)) (line g round if treatment==5, lpattern(dash)) (line lowlimit90 rou
> nd if treatment==5,  lpattern(dot) lcolor(cranberry)) (line upplimit90 round if treatment==5, lpattern(dot) lcolo
> r(cranberry)), saving(graphd75r40,replace)
> twoway (line coop round if treatment==6 & round<=30, title(delta=high r=high) subtitle(SGPE & RD with GT) legend(
> off) graphregion(color(white)) xtitle("Repeated Game (log scale)") ytitle("Cooperation") yscale(range(0 1)) ylabe
> l(#11) xscale(log) xlabel(1 5 10 20 40 100 300 1000)) (line g round if treatment==6, lpattern(dash)) (line lowlim
> it90 round if treatment==6,  lpattern(dot) lcolor(cranberry)) (line upplimit90 round if treatment==6, lpattern(do
> t) lcolor(cranberry)), saving(graphd75r48,replace)
> 
> graph combine "graphd5r32" "graphd5r40" "graphd5r48" "graphd75r32" "graphd75r40" "graphd75r48" , graphregion(colo
> r(white)) saving("figure2", replace)
> 
> graph export figure2.png, replace
> */
. 
. twoway (line coop round if treatment==1 & round<=60, title(delta=low r=normal) subtitle(GT) legend(off) graphregi
> on(color(white)) xtitle("Repeated Game (log scale)") ytitle("Cooperation") yscale(range(0 1)) ylabel(#11) xscale(
> log) xlabel(1 5 10 20 40 100 300 1000)) (line g round if treatment==1, lpattern(dash)) (line lowlimit90 round if 
> treatment==1,  lpattern(dot) lcolor(cranberry)) (line upplimit90 round if treatment==1, lpattern(dot) lcolor(cran
> berry)), saving(graphd5r32gt,replace)
file graphd5r32gt.gph saved

. twoway (line coop round if treatment==2 & round<=30, title(delta=high r=normal) subtitle(GT) legend(off) graphreg
> ion(color(white)) xtitle("Repeated Game (log scale)") ytitle("Cooperation") yscale(range(0 1)) ylabel(#11) xscale
> (log) xlabel(1 5 10 20 40 100 300 1000)) (line g round if treatment==2, lpattern(dash)) (line lowlimit90 round if
>  treatment==2,  lpattern(dot) lcolor(cranberry)) (line upplimit90 round if treatment==2, lpattern(dot) lcolor(cra
> nberry)), saving(graphd75r32gt,replace)
file graphd75r32gt.gph saved

. twoway (line coop round if treatment==3 & round<=60, title(delta=low r=normal) subtitle(MIX) legend(off) graphreg
> ion(color(white)) xtitle("Repeated Game (log scale)") ytitle("Cooperation") yscale(range(0 1)) ylabel(#11) xscale
> (log) xlabel(1 5 10 20 40 100 300 1000)) (line g round if treatment==3, lpattern(dash)) (line lowlimit90 round if
>  treatment==3,  lpattern(dot) lcolor(cranberry)) (line upplimit90 round if treatment==3, lpattern(dot) lcolor(cra
> nberry)), saving(graphd5r32xy,replace)
file graphd5r32xy.gph saved

. twoway (line coop round if treatment==4 & round<=30, title(delta=high r=normal) subtitle("MIX, no knowledge") leg
> end(off) graphregion(color(white)) xtitle("Repeated Game (log scale)") ytitle("Cooperation") yscale(range(0 1)) y
> label(#11) xscale(log) xlabel(1 5 10 20 40 100 300 1000)) (line g round if treatment==4, lpattern(dash)) (line lo
> wlimit90 round if treatment==4,  lpattern(dot) lcolor(cranberry)) (line upplimit90 round if treatment==4, lpatter
> n(dot) lcolor(cranberry)), saving(graphd75r32xy,replace)
file graphd75r32xy.gph saved

. twoway (line coop round if treatment==5 & round<=30, title(delta=high r=normal) subtitle("MIX, no knowledge nor o
> bserver") legend(off) graphregion(color(white)) xtitle("Repeated Game (log scale)") ytitle("Cooperation") yscale(
> range(0 1)) ylabel(#11) xscale(log) xlabel(1 5 10 20 40 100 300 1000)) (line g round if treatment==5, lpattern(da
> sh)) (line lowlimit90 round if treatment==5,  lpattern(dot) lcolor(cranberry)) (line upplimit90 round if treatmen
> t==5, lpattern(dot) lcolor(cranberry)), saving(graphd75r32xx,replace)
file graphd75r32xx.gph saved

. twoway (line coop round if treatment==6 & round<=30, title(delta=high r=normal) subtitle(MIX) legend(off) graphre
> gion(color(white)) xtitle("Repeated Game (log scale)") ytitle("Cooperation") yscale(range(0 1)) ylabel(#11) xscal
> e(log) xlabel(1 5 10 20 40 100 300 1000)) (line g round if treatment==6, lpattern(dash)) (line lowlimit90 round i
> f treatment==6,  lpattern(dot) lcolor(cranberry)) (line upplimit90 round if treatment==6, lpattern(dot) lcolor(cr
> anberry)), saving(graphd75r32yy,replace)
file graphd75r32yy.gph saved

. twoway (line coop round if treatment==7 & round<=30, title(delta=high r=high) subtitle(MIX) legend(off) graphregi
> on(color(white)) xtitle("Repeated Game (log scale)") ytitle("Cooperation") yscale(range(0 1)) ylabel(#11) xscale(
> log) xlabel(1 5 10 20 40 100 300 1000)) (line g round if treatment==7, lpattern(dash)) (line lowlimit90 round if 
> treatment==7,  lpattern(dot) lcolor(cranberry)) (line upplimit90 round if treatment==7, lpattern(dot) lcolor(cran
> berry)), saving(graphd75r48yy,replace)
file graphd75r48yy.gph saved

. twoway (line coop round if treatment==8 & round<=30, title(delta=high r=high) subtitle("MIX, no knowledge") legen
> d(off) graphregion(color(white)) xtitle("Repeated Game (log scale)") ytitle("Cooperation") yscale(range(0 1)) yla
> bel(#11) xscale(log) xlabel(1 5 10 20 40 100 300 1000)) (line g round if treatment==8, lpattern(dash)) (line lowl
> imit90 round if treatment==8,  lpattern(dot) lcolor(cranberry)) (line upplimit90 round if treatment==8, lpattern(
> dot) lcolor(cranberry)), saving(graphd75r48xy,replace)
file graphd75r48xy.gph saved

. 
. graph combine "graphd5r32gt" "graphd75r32gt" "graphd5r32xy" "graphd75r32xy" "graphd75r32xx" "graphd75r32yy" "grap
> hd75r48yy" "graphd75r48xy", cols(4) xsize(16) ysize(8) graphregion(color(white)) saving("figure2", replace)
file figure2.gph saved

. 
. graph export figure2.png, replace
file /Users/eddiewu/Documents/Mon_travail/MY_PHD/kareen_geoffroy/eddie_SFEM/scripts/figure2.png saved as PNG
    format

. 
. 
. 
. /*
> *Figure A2.4
> use simulationresults, clear
> keep if round==1
> reshape long coope, i(treatment) j(coopingroup)
> gen coope1=coope/1000
> sort treatment coopingroup
> save datcoope1, replace
> 
> use simulationresults, clear
> keep if round==1000
> reshape long coope, i(treatment) j(coopingroup)
> replace coope=coope/1000
> 
> merge treatment coopingroup using datcoope1
> 
> twoway (line coope coopingroup if treatment==1,  title(delta=high r=normal) subtitle(SGPE) legend(off) graphregio
> n(color(white)) xtitle("Number of cooperative actions") ytitle("Proportion") yscale(range(0 1)) ylabel(#11) xscal
> e(range(0 14)) xlabel(#15) scale(.7)) (line coope1 coopingroup if treatment==1, lpattern(dash)), saving(graphd5r3
> 2,replace) 
> twoway (line coope coopingroup if treatment==2,  title(delta=low r=normal) subtitle(Neither SGPE nor RD) legend(o
> ff) graphregion(color(white)) xtitle("Number of cooperative actions") ytitle("Proportion") yscale(range(0 1)) yla
> bel(#11) xscale(range(0 14)) xlabel(#15) scale(.7) xline(10.5)) (line coope1 coopingroup if treatment==2, lpatter
> n(dash)), saving(graphd5r40,replace) 
> twoway (line coope coopingroup if treatment==3,  title(delta=high r=normal) subtitle(SGPE with GT) legend(off) gr
> aphregion(color(white)) xtitle("Number of cooperative actions") ytitle("Proportion") yscale(range(0 1)) ylabel(#1
> 1) xscale(range(0 14)) xlabel(#15) scale(.7) xline(5.5)) (line coope1 coopingroup if treatment==3, lpattern(dash)
> ), saving(graphd5r48,replace) 
> twoway (line coope coopingroup if treatment==4,  title(delta=low r=normal) subtitle(Neither SGPE nor RD with GT) 
> legend(off) graphregion(color(white)) xtitle("Number of cooperative actions") ytitle("Proportion") yscale(range(0
>  1)) ylabel(#11)  xscale(range(0 14)) xlabel(#15) scale(.7) xline(11.5)) (line coope1 coopingroup if treatment==4
> , lpattern(dash)), saving(graphd75r32,replace) 
> twoway (line coope coopingroup if treatment==5,  title(delta=high r=high) subtitle(SGPE & RD) legend(off) graphre
> gion(color(white)) xtitle("Number of cooperative actions") ytitle("Proportion") yscale(range(0 1)) ylabel(#11) xs
> cale(range(0 14)) xlabel(#15) scale(.7) xline(3.5)) (line coope1 coopingroup if treatment==5, lpattern(dash)), sa
> ving(graphd75r40,replace)
> twoway (line coope coopingroup if treatment==6,  title(delta=high r=high) subtitle(SGPE & RD with GT) legend(off)
>  graphregion(color(white)) xtitle("Number of cooperative actions") ytitle("Proportion") yscale(range(0 1)) ylabel
> (#11) xscale(range(0 14)) xlabel(#15) scale(.7) xline(2.5)) (line coope1 coopingroup if treatment==6, lpattern(da
> sh)), saving(graphd75r48,replace) 
> 
> graph combine "graphd5r32" "graphd5r40" "graphd5r48" "graphd75r32" "graphd75r40" "graphd75r48" , graphregion(colo
> r(white)) saving("figureA24", replace)
> 
> graph export figureA24.png, replace
> 
> 
> *Figure A2.5
> use modified_data, clear
> keep if stage==1
> collapse coop, by (treatment round)
> sort treatment round
> merge treatment round using simulationresultscross
> 
> twoway (line coop round if treatment==1 & round<=30, title(delta=high r=normal) subtitle(SGPE) legend(off) graphr
> egion(color(white)) xtitle("Repeated Game (log scale)") ytitle("Cooperation") yscale(range(0 1)) ylabel(#11) xsca
> le(log) xlabel(1 5 10 20 40 100 300 1000)) (line g round if treatment==1, lpattern(dash)) (line lowlimit90 round 
> if treatment==1,  lpattern(dot) lcolor(cranberry)) (line upplimit90 round if treatment==1, lpattern(dot) lcolor(c
> ranberry)), saving(graphd5r32,replace)
> twoway (line coop round if treatment==2 & round<=60, title(delta=low r=normal) subtitle(Neither SGPE nor RD) lege
> nd(off) graphregion(color(white)) xtitle("Repeated Game (log scale)") ytitle("Cooperation") yscale(range(0 1)) yl
> abel(#11) xscale(log) xlabel(1 5 10 20 40 100 300 1000)) (line g round if treatment==2, lpattern(dash)) (line low
> limit90 round if treatment==2,  lpattern(dot) lcolor(cranberry)) (line upplimit90 round if treatment==2, lpattern
> (dot) lcolor(cranberry)), saving(graphd5r40,replace)
> twoway (line coop round if treatment==3 & round<=30, title(delta=high r=normal) subtitle(SGPE with GT) legend(off
> ) graphregion(color(white)) xtitle("Repeated Game (log scale)") ytitle("Cooperation") yscale(range(0 1)) ylabel(#
> 11) xscale(log) xlabel(1 5 10 20 40 100 300 1000)) (line g round if treatment==3, lpattern(dash)) (line lowlimit9
> 0 round if treatment==3,  lpattern(dot) lcolor(cranberry)) (line upplimit90 round if treatment==3, lpattern(dot) 
> lcolor(cranberry)), saving(graphd5r48,replace)
> twoway (line coop round if treatment==4 & round<=60, title(delta=low r=normal) subtitle(Neither SGPE nor RD with 
> GT) legend(off) graphregion(color(white)) xtitle("Repeated Game (log scale)") ytitle("Cooperation") yscale(range(
> 0 1)) ylabel(#11) xscale(log) xlabel(1 5 10 20 40 100 300 1000)) (line g round if treatment==4, lpattern(dash)) (
> line lowlimit90 round if treatment==4,  lpattern(dot) lcolor(cranberry)) (line upplimit90 round if treatment==4, 
> lpattern(dot) lcolor(cranberry)), saving(graphd75r32,replace)
> twoway (line coop round if treatment==5 & round<=30, title(delta=high r=high) subtitle(SGPE & RD) legend(off) gra
> phregion(color(white)) xtitle("Repeated Game (log scale)") ytitle("Cooperation") yscale(range(0 1)) ylabel(#11) x
> scale(log) xlabel(1 5 10 20 40 100 300 1000)) (line g round if treatment==5, lpattern(dash)) (line lowlimit90 rou
> nd if treatment==5,  lpattern(dot) lcolor(cranberry)) (line upplimit90 round if treatment==5, lpattern(dot) lcolo
> r(cranberry)), saving(graphd75r40,replace)
> twoway (line coop round if treatment==6 & round<=30, title(delta=high r=high) subtitle(SGPE & RD with GT) legend(
> off) graphregion(color(white)) xtitle("Repeated Game (log scale)") ytitle("Cooperation") yscale(range(0 1)) ylabe
> l(#11) xscale(log) xlabel(1 5 10 20 40 100 300 1000)) (line g round if treatment==6, lpattern(dash)) (line lowlim
> it90 round if treatment==6,  lpattern(dot) lcolor(cranberry)) (line upplimit90 round if treatment==6, lpattern(do
> t) lcolor(cranberry)), saving(graphd75r48,replace)
> 
> graph combine "graphd5r32" "graphd5r40" "graphd5r48" "graphd75r32" "graphd75r40" "graphd75r48" , graphregion(colo
> r(white)) saving("figureA25", replace)
> 
> graph export figureA25.png, replace
> 
> 
> *Table A2.8
> 
> *ll=. for those that always did C or D 
> use learningestimates, clear
> replace lamda_v=0 if lamda_v==. & ll~=.
> 
> *subjects with constant noise
> gen constantnoise=(psi==0|lamda_v==0|psi==1)
> replace lamda_f=lamda_f+lamda_v if psi==1
> 
> *summary of estimates
> table treatment if ll~=., c(mean pg_1 mean learning_delta mean lamda_f)
> table treatment if ll~=., c(med pg_1 med learning_delta med lamda_f)
> 
> *psi and lamda_v only measure for those that do not have constant noise (otherwise it was imputed to lamda_f)
> table treatment if ll~=. & constantnoise==0, c(mean psi mean lamda_v)
> table treatment if ll~=. & constantnoise==0, c(med psi med lamda_v)
> 
> replace pg_1=1 if ll==. & coop==1
> replace pg_1=0 if ll==. & coop==0
> 
> table treatment, c(mean pg_1 med pg_1)
> 
> gen lamda1=lamda_f+psi*lamda_v
> gen lamda50=lamda_f+(psi^50)*lamda_v
> table treatment if ll~=., c(mean lamda1 mean lamda50)
> table treatment if ll~=., c(med lamda1 med lamda50)
> 
> table treatment constantnoise if ll~=., c(count ll)
> 
> */
. 
. 
. 
end of do-file

